        -:    0:Source:testme.c
        -:    0:Graph:testme.gcno
        -:    0:Data:testme.gcda
        -:    0:Runs:11
        -:    0:Programs:1
        -:    1:// Name: Polly Sobeck
        -:    2:// Quiz: Random Testing
        -:    3:// Date: 
        -:    4:
        -:    5:#include<stdio.h>
        -:    6:#include<string.h>
        -:    7:#include<stdlib.h>
        -:    8:#include<time.h>
        -:    9:
        -:   10://int r = rand() % 20;
        -:   11:
        -:   12:char inputChar()
        -:   13:{
        -:   14:    //TODO: rewrite this function
   102038:   15:    int r = (rand() % 94) + 32;
    51019:   16:    char c = r;
    51019:   17:    return c;
        -:   18:}
        -:   19:
        -:   20:char *inputString()
        -:   21:{
        -:   22:    //TODO: rewrite this function
   102038:   23:    int asciiValues[] = {
        -:   24:        101, // 'e'
        -:   25:        114, // 'r' 
        -:   26:        115, // 's'
        -:   27:        116  // 't'
        -:   28:    };
        -:   29:
        -:   30:    char *s;
        -:   31:    char c[6];
   612228:   32:    for (int i = 0; i < 5; i++) {
   255095:   33:        int r = rand() % 4;
   255095:   34:        c[i] = asciiValues[r];
   255095:   35:    }
    51019:   36:    c[5] = '\0';
    51019:   37:    s = c;
    51019:   38:    return s;
        -:   39:}
        -:   40:
        -:   41:void testme()
        -:   42:{
       22:   43:  int tcCount = 0;
        -:   44:  char *s;
        -:   45:  char c;
       11:   46:  int state = 0;
    51019:   47:  while (1)
        -:   48:  {
    51019:   49:    tcCount++;
    51019:   50:    c = inputChar();
        -:   51:
    51019:   52:    s = inputString();
        -:   53:
    51019:   54:    printf("Iteration %d: c = %c, s = %s, state = %d\n", tcCount, c, s, state);
        -:   55:
    53193:   56:    if (c == '[' && state == 0) state = 1;
    53181:   57:    if (c == '(' && state == 1) state = 2;
    53227:   58:    if (c == '{' && state == 2) state = 3;
    53117:   59:    if (c == ' ' && state == 3) state = 4;
    53201:   60:    if (c == 'a' && state == 4) state = 5;
    53184:   61:    if (c == 'x' && state == 5) state = 6;
    53192:   62:    if (c == '}' && state == 6) state = 7;
    53237:   63:    if (c == ')' && state == 7) state = 8;
    53239:   64:    if (c == ']' && state == 8) state = 9;
    60226:   65:    if (s[0] == 'r' && s[1] == 'e'
    11241:   66:       && s[2] == 's' && s[3] == 'e'
      410:   67:       && s[4] == 't' && s[5] == '\0'
       26:   68:       && state == 9)
        -:   69:    {
       11:   70:      printf("error ");
       11:   71:      exit(200);
        -:   72:    }
        -:   73:  }
    #####:   74:}
        -:   75:
        -:   76:
        -:   77:int main(int argc, char *argv[])
        -:   78:{
       11:   79:    srand(time(NULL));
       11:   80:    testme();
       11:   81:    return 0;
        -:   82:}
