        -:    0:Source:unittest1.c
        -:    0:Graph:unittest1.gcno
        -:    0:Data:unittest1.gcda
        -:    0:Runs:2
        -:    0:Programs:1
        -:    1:// Author: Polly Sobeck
        -:    2:// Program: unittest1.c
        -:    3:// Date: 2/9/2019
        -:    4:// This program tests the numHandCards() function in
        -:    5:// dominion.c. Some of the initial variable declarations 
        -:    6:// were adapted from the example: testUpdateCoins.c
        -:    7:
        -:    8:#include "dominion.h"
        -:    9:#include "dominion_helpers.h"
        -:   10:#include <string.h>
        -:   11:#include <stdio.h>
        -:   12:#include <assert.h>
        -:   13:#include "rngs.h"
        -:   14:#include <stdbool.h>
        -:   15:
        -:   16:bool asserttrue(bool isTrue) {
       20:   17:    return isTrue;
        -:   18:}
        -:   19:
        -:   20:void testNumHandCards() {
        -:   21:    struct gameState G;
        4:   22:    int numPlayer = 2;
        2:   23:    int seed = 1000;    
        -:   24:    int r, p, handCount, numCards;
        2:   25:    int maxHandCount = 5;
        -:   26:
        2:   27:    int k[10] = {adventurer, council_room, feast, gardens, mine
        -:   28:               , remodel, smithy, village, baron, great_hall};
        -:   29:
        2:   30:    memset(&G, 23, sizeof(struct gameState));   // clear the game state
        2:   31:    r = initializeGame(numPlayer, k, seed, &G); // initialize a new game
        -:   32:
       12:   33:    for (p = 0; p < numPlayer; p++)
        -:   34:    {
       48:   35:        for (handCount = 1; handCount <= maxHandCount; handCount++)
        -:   36:        {
       20:   37:            G.handCount[p] = handCount;
       20:   38:            numCards = numHandCards(&G);
        -:   39:
        -:   40:            //printf("%d ", G.handCount[p]);
        -:   41:            //printf("%d\n", numCards);
        -:   42:
       20:   43:            printf("Test: %s\n", asserttrue(G.handCount[p] == numCards) ? "true" : "false");
       20:   44:        }
        4:   45:        endTurn(&G);
        4:   46:    }
        2:   47:}
        -:   48:
        -:   49:int main() {
        4:   50:    printf("Testing numHandCards()...\n");
        2:   51:    testNumHandCards();
        2:   52:}
